<?xml version="1.0" encoding="UTF-8"?>
<testng-results ignored="0" total="1" passed="1" failed="0" skipped="0">
  <reporter-output>
  </reporter-output>
  <suite started-at="2021-05-09T12:59:03Z" name="scraping.Runner" finished-at="2021-05-09T13:03:54Z" duration-ms="290743">
    <groups>
    </groups>
    <test started-at="2021-05-09T12:59:03Z" name="Command line test" finished-at="2021-05-09T13:03:54Z" duration-ms="290743">
      <class name="scraping.Runner">
        <test-method signature="Scrape()[pri:0, instance:scraping.Runner@63a65a25]" started-at="2021-05-09T12:59:03Z" name="Scrape" finished-at="2021-05-09T13:03:54Z" duration-ms="290724" status="PASS">
          <reporter-output>
          </reporter-output>
        </test-method> <!-- Scrape -->
      </class> <!-- scraping.Runner -->
    </test> <!-- Command line test -->
  </suite> <!-- scraping.Runner -->
</testng-results>
